<?xml version="1.0" encoding="UTF-8" ?>
<testsuites>
  <testsuite errors="0" failures="0" hostname="DESKTOP-V025SKN" id="0" name="PageDownloadTest" package="org.pentaho.di.sdk.plugin.steps.pagedownload" skipped="0" tests="1" time="0.287" timestamp="2016-04-12T02:19:48">
      <properties>
[...]
</properties>

      <testcase classname="org.pentaho.di.sdk.plugin.steps.pagedownload.PageDownloadTest" name="testStepMeta" time="0.256" />

      <system-out><![CDATA[]]></system-out>

      <system-err><![CDATA[]]></system-err>

  </testsuite>
</testsuites>
